<?xml version="1.0" encoding="UTF-8"?>
<!-- Generated by org.testng.reporters.JUnitReportReporter -->
<testsuite hostname="DESKTOP-VBAMR6R" failures="0" tests="2" name="com.tesng.Assert_Concept" time="0.027" errors="0" timestamp="2022-04-08T19:49:40 IST" skipped="0">
  <testcase classname="com.tesng.Assert_Concept" name="demo" time="0.024"/>
  <system-out/>
  <testcase classname="com.tesng.Assert_Concept" name="practice" time="0.003"/>
  <system-out/>
</testsuite> <!-- com.tesng.Assert_Concept -->
