<?xml version="1.0" encoding="UTF-8"?>
<!-- Generated by org.testng.reporters.JUnitReportReporter -->
<testsuite hostname="DESKTOP-VBAMR6R" failures="0" tests="7" name="com.tesng.Priorityy" time="0.018" errors="0" timestamp="2022-04-07T19:04:53 IST" skipped="0">
  <testcase classname="com.tesng.Priorityy" name="bike" time="0.007"/>
  <system-out/>
  <testcase classname="com.tesng.Priorityy" name="bike" time="0.002"/>
  <system-out/>
  <testcase classname="com.tesng.Priorityy" name="car" time="0.004"/>
  <system-out/>
  <testcase classname="com.tesng.Priorityy" name="bike" time="0.002"/>
  <system-out/>
  <testcase classname="com.tesng.Priorityy" name="train" time="0.001"/>
  <system-out/>
  <testcase classname="com.tesng.Priorityy" name="flight" time="0.001"/>
  <system-out/>
  <testcase classname="com.tesng.Priorityy" name="bus" time="0.001"/>
  <system-out/>
</testsuite> <!-- com.tesng.Priorityy -->
