<?xml version="1.0" encoding="UTF-8"?>
<!-- Generated by org.testng.reporters.JUnitReportReporter -->
<testsuite hostname="DESKTOP-VBAMR6R" failures="0" tests="4" name="com.tesng.Ignoree" time="0.011" errors="0" timestamp="2022-04-07T18:55:51 IST" skipped="1">
  <testcase classname="com.tesng.Ignoree" name="train" time="0.001"/>
  <system-out/>
  <testcase classname="com.tesng.Ignoree" name="bus" time="0.009"/>
  <system-out/>
  <testcase classname="com.tesng.Ignoree" name="flight" time="0.001"/>
  <system-out/>
  <testcase classname="com.tesng.Ignoree" name="bike">
    <skipped/>
  </testcase> <!-- bike -->
  <system-out/>
</testsuite> <!-- com.tesng.Ignoree -->
