<?xml version="1.0" encoding="UTF-8"?>
<!-- Generated by org.testng.reporters.JUnitReportReporter -->
<testsuite hostname="DESKTOP-VBAMR6R" failures="0" tests="1" name="com.tesng.Time_Outs" time="2.012" errors="0" timestamp="2022-04-07T19:11:51 IST" skipped="0">
  <testcase classname="com.tesng.Time_Outs" name="practice" time="2.012"/>
  <system-out/>
</testsuite> <!-- com.tesng.Time_Outs -->
