<?xml version="1.0" encoding="UTF-8"?>
<!-- Generated by org.testng.reporters.JUnitReportReporter -->
<testsuite hostname="DESKTOP-VBAMR6R" failures="0" tests="3" name="com.tesng.Grouping" time="0.008" errors="0" timestamp="2022-04-07T19:25:20 IST" skipped="0">
  <testcase classname="com.tesng.Grouping" name="bus" time="0.006"/>
  <system-out/>
  <testcase classname="com.tesng.Grouping" name="flight" time="0.001"/>
  <system-out/>
  <testcase classname="com.tesng.Grouping" name="train" time="0.001"/>
  <system-out/>
</testsuite> <!-- com.tesng.Grouping -->
