<?xml version="1.0" encoding="UTF-8"?>
<!-- Generated by org.testng.reporters.JUnitReportReporter -->
<testsuite hostname="DESKTOP-VBAMR6R" failures="0" tests="1" name="com.tesng.Expected_Exception" time="0.006" errors="0" timestamp="2022-04-07T19:14:57 IST" skipped="0">
  <testcase classname="com.tesng.Expected_Exception" name="practice" time="0.006"/>
  <system-out/>
</testsuite> <!-- com.tesng.Expected_Exception -->
