<?xml version="1.0" encoding="UTF-8"?>
<!-- Generated by org.testng.reporters.JUnitReportReporter -->
<testsuite hostname="DESKTOP-VBAMR6R" failures="0" tests="4" name="com.tesng.Data_Provider" time="0.009" errors="0" timestamp="2022-04-07T19:42:49 IST" skipped="0">
  <testcase classname="com.tesng.Data_Provider" name="credential" time="0.006"/>
  <system-out/>
  <testcase classname="com.tesng.Data_Provider" name="credential" time="0.001"/>
  <system-out/>
  <testcase classname="com.tesng.Data_Provider" name="credential" time="0.001"/>
  <system-out/>
  <testcase classname="com.tesng.Data_Provider" name="credential" time="0.001"/>
  <system-out/>
</testsuite> <!-- com.tesng.Data_Provider -->
