<?xml version="1.0" encoding="UTF-8"?>
<!-- Generated by org.testng.reporters.JUnitReportReporter -->
<testsuite hostname="DESKTOP-VBAMR6R" failures="0" tests="1" name="com.tesng.Soft_Assert" time="0.011" errors="0" timestamp="2022-04-08T19:18:53 IST" skipped="0">
  <testcase classname="com.tesng.Soft_Assert" name="demo" time="0.011"/>
  <system-out/>
</testsuite> <!-- com.tesng.Soft_Assert -->
