<?xml version="1.0" encoding="UTF-8"?>
<!-- Generated by org.testng.reporters.JUnitReportReporter -->
<testsuite hostname="DESKTOP-VBAMR6R" failures="0" tests="3" name="com.tesng.Depend" time="0.010" errors="0" timestamp="2022-04-07T19:55:39 IST" skipped="0">
  <testcase classname="com.tesng.Depend" name="college" time="0.002"/>
  <system-out/>
  <testcase classname="com.tesng.Depend" name="Shcl_10th" time="0.007"/>
  <system-out/>
  <testcase classname="com.tesng.Depend" name="Shcl_12th" time="0.001"/>
  <system-out/>
</testsuite> <!-- com.tesng.Depend -->
