<?xml version="1.0" encoding="UTF-8"?>
<!-- Generated by org.testng.reporters.JUnitReportReporter -->
<testsuite hostname="DESKTOP-VBAMR6R" failures="0" tests="1" name="com.tesng.Parameterized12" time="0.007" errors="0" timestamp="2022-04-07T19:35:43 IST" skipped="0">
  <testcase classname="com.tesng.Parameterized12" name="credential" time="0.007"/>
  <system-out/>
</testsuite> <!-- com.tesng.Parameterized12 -->
