<?xml version="1.0" encoding="UTF-8"?>
<!-- Generated by org.testng.reporters.JUnitReportReporter -->
<testsuite hostname="DESKTOP-VBAMR6R" failures="0" tests="5" name="com.tesng.Ignore" time="0.022" errors="0" timestamp="2022-04-07T18:53:15 IST" skipped="0">
  <testcase classname="com.tesng.Ignore" name="flight" time="0.005"/>
  <system-out/>
  <testcase classname="com.tesng.Ignore" name="train" time="0.002"/>
  <system-out/>
  <testcase classname="com.tesng.Ignore" name="bike" time="0.009"/>
  <system-out/>
  <testcase classname="com.tesng.Ignore" name="bus" time="0.003"/>
  <system-out/>
  <testcase classname="com.tesng.Ignore" name="car" time="0.003"/>
  <system-out/>
</testsuite> <!-- com.tesng.Ignore -->
