<?xml version="1.0" encoding="UTF-8"?>
<!-- Generated by org.testng.reporters.JUnitReportReporter -->
<testsuite hostname="DESKTOP-VBAMR6R" failures="0" tests="2" name="com.tesng.Simple_Annotations" time="0.007" errors="0" timestamp="2022-04-06T19:48:33 IST" skipped="0">
  <testcase classname="com.tesng.Simple_Annotations" name="testt" time="0.006"/>
  <system-out/>
  <testcase classname="com.tesng.Simple_Annotations" name="testt1" time="0.001"/>
  <system-out/>
</testsuite> <!-- com.tesng.Simple_Annotations -->
